<?xml version="1.0" encoding="UTF-8"?>
<testng-results skipped="0" failed="1" total="6" passed="5">
  <reporter-output>
  </reporter-output>
  <suite name="Default suite" duration-ms="55090" started-at="2019-07-08T05:46:21Z" finished-at="2019-07-08T05:47:16Z">
    <groups>
    </groups>
    <test name="Default test" duration-ms="55090" started-at="2019-07-08T05:46:21Z" finished-at="2019-07-08T05:47:16Z">
      <class name="Case_1.OnlineShoppingTest">
        <test-method status="PASS" signature="openBrowser()[pri:0, instance:Case_1.OnlineShoppingTest@d8355a8]" name="openBrowser" is-config="true" duration-ms="11059" started-at="2019-07-08T11:16:21Z" finished-at="2019-07-08T11:16:32Z">
          <reporter-output>
          </reporter-output>
        </test-method> <!-- openBrowser -->
        <test-method status="PASS" signature="startReportBeforeTest()[pri:0, instance:Case_1.OnlineShoppingTest@d8355a8]" name="startReportBeforeTest" duration-ms="146" started-at="2019-07-08T11:16:32Z" finished-at="2019-07-08T11:16:33Z">
          <reporter-output>
          </reporter-output>
        </test-method> <!-- startReportBeforeTest -->
        <test-method status="PASS" signature="getResult(org.testng.ITestResult)[pri:0, instance:Case_1.OnlineShoppingTest@d8355a8]" name="getResult" is-config="true" duration-ms="298" started-at="2019-07-08T11:16:33Z" finished-at="2019-07-08T11:16:33Z">
          <params>
            <param index="0">
              <value>
                <![CDATA[[TestResult name=startReportBeforeTest status=SUCCESS method=OnlineShoppingTest.startReportBeforeTest()[pri:0, instance:Case_1.OnlineShoppingTest@d8355a8] output={null}]]]>
              </value>
            </param>
          </params>
          <reporter-output>
          </reporter-output>
        </test-method> <!-- getResult -->
        <test-method status="PASS" signature="testRegistration()[pri:1, instance:Case_1.OnlineShoppingTest@d8355a8]" name="testRegistration" duration-ms="17057" started-at="2019-07-08T11:16:33Z" finished-at="2019-07-08T11:16:50Z">
          <reporter-output>
          </reporter-output>
        </test-method> <!-- testRegistration -->
        <test-method status="PASS" signature="getResult(org.testng.ITestResult)[pri:0, instance:Case_1.OnlineShoppingTest@d8355a8]" name="getResult" is-config="true" duration-ms="54" started-at="2019-07-08T11:16:50Z" finished-at="2019-07-08T11:16:50Z">
          <params>
            <param index="0">
              <value>
                <![CDATA[[TestResult name=testRegistration status=SUCCESS method=OnlineShoppingTest.testRegistration()[pri:1, instance:Case_1.OnlineShoppingTest@d8355a8] output={null}]]]>
              </value>
            </param>
          </params>
          <reporter-output>
          </reporter-output>
        </test-method> <!-- getResult -->
        <test-method status="PASS" signature="testLogin()[pri:2, instance:Case_1.OnlineShoppingTest@d8355a8]" name="testLogin" duration-ms="1319" started-at="2019-07-08T11:16:50Z" finished-at="2019-07-08T11:16:51Z">
          <reporter-output>
          </reporter-output>
        </test-method> <!-- testLogin -->
        <test-method status="PASS" signature="getResult(org.testng.ITestResult)[pri:0, instance:Case_1.OnlineShoppingTest@d8355a8]" name="getResult" is-config="true" duration-ms="48" started-at="2019-07-08T11:16:51Z" finished-at="2019-07-08T11:16:51Z">
          <params>
            <param index="0">
              <value>
                <![CDATA[[TestResult name=testLogin status=SUCCESS method=OnlineShoppingTest.testLogin()[pri:2, instance:Case_1.OnlineShoppingTest@d8355a8] output={null}]]]>
              </value>
            </param>
          </params>
          <reporter-output>
          </reporter-output>
        </test-method> <!-- getResult -->
        <test-method status="PASS" signature="testCart()[pri:3, instance:Case_1.OnlineShoppingTest@d8355a8]" name="testCart" duration-ms="5288" started-at="2019-07-08T11:16:51Z" finished-at="2019-07-08T11:16:57Z">
          <reporter-output>
          </reporter-output>
        </test-method> <!-- testCart -->
        <test-method status="PASS" signature="getResult(org.testng.ITestResult)[pri:0, instance:Case_1.OnlineShoppingTest@d8355a8]" name="getResult" is-config="true" duration-ms="42" started-at="2019-07-08T11:16:57Z" finished-at="2019-07-08T11:16:57Z">
          <params>
            <param index="0">
              <value>
                <![CDATA[[TestResult name=testCart status=SUCCESS method=OnlineShoppingTest.testCart()[pri:3, instance:Case_1.OnlineShoppingTest@d8355a8] output={null}]]]>
              </value>
            </param>
          </params>
          <reporter-output>
          </reporter-output>
        </test-method> <!-- getResult -->
        <test-method status="PASS" signature="testPayment()[pri:4, instance:Case_1.OnlineShoppingTest@d8355a8]" name="testPayment" duration-ms="9697" started-at="2019-07-08T11:16:57Z" finished-at="2019-07-08T11:17:06Z">
          <reporter-output>
          </reporter-output>
        </test-method> <!-- testPayment -->
        <test-method status="PASS" signature="getResult(org.testng.ITestResult)[pri:0, instance:Case_1.OnlineShoppingTest@d8355a8]" name="getResult" is-config="true" duration-ms="38" started-at="2019-07-08T11:17:06Z" finished-at="2019-07-08T11:17:06Z">
          <params>
            <param index="0">
              <value>
                <![CDATA[[TestResult name=testPayment status=SUCCESS method=OnlineShoppingTest.testPayment()[pri:4, instance:Case_1.OnlineShoppingTest@d8355a8] output={null}]]]>
              </value>
            </param>
          </params>
          <reporter-output>
          </reporter-output>
        </test-method> <!-- getResult -->
        <test-method status="FAIL" signature="endReportAfterTest()[pri:5, instance:Case_1.OnlineShoppingTest@d8355a8]" name="endReportAfterTest" duration-ms="9534" started-at="2019-07-08T11:17:06Z" finished-at="2019-07-08T11:17:16Z">
          <exception class="java.lang.AssertionError">
            <message>
              <![CDATA[expected [Payment Gateway1] but found [Payment Gateway]]]>
            </message>
            <full-stacktrace>
              <![CDATA[java.lang.AssertionError: expected [Payment Gateway1] but found [Payment Gateway]
	at org.testng.Assert.fail(Assert.java:94)
	at org.testng.Assert.failNotEquals(Assert.java:513)
	at org.testng.Assert.assertEqualsImpl(Assert.java:135)
	at org.testng.Assert.assertEquals(Assert.java:116)
	at org.testng.Assert.assertEquals(Assert.java:190)
	at org.testng.Assert.assertEquals(Assert.java:200)
	at Case_1.OnlineShoppingTest.endReportAfterTest(OnlineShoppingTest.java:69)
	at sun.reflect.NativeMethodAccessorImpl.invoke0(Native Method)
	at sun.reflect.NativeMethodAccessorImpl.invoke(Unknown Source)
	at sun.reflect.DelegatingMethodAccessorImpl.invoke(Unknown Source)
	at java.lang.reflect.Method.invoke(Unknown Source)
	at org.testng.internal.MethodInvocationHelper.invokeMethod(MethodInvocationHelper.java:100)
	at org.testng.internal.Invoker.invokeMethod(Invoker.java:646)
	at org.testng.internal.Invoker.invokeTestMethod(Invoker.java:811)
	at org.testng.internal.Invoker.invokeTestMethods(Invoker.java:1129)
	at org.testng.internal.TestMethodWorker.invokeTestMethods(TestMethodWorker.java:129)
	at org.testng.internal.TestMethodWorker.run(TestMethodWorker.java:112)
	at org.testng.TestRunner.privateRun(TestRunner.java:746)
	at org.testng.TestRunner.run(TestRunner.java:600)
	at org.testng.SuiteRunner.runTest(SuiteRunner.java:366)
	at org.testng.SuiteRunner.runSequentially(SuiteRunner.java:361)
	at org.testng.SuiteRunner.privateRun(SuiteRunner.java:319)
	at org.testng.SuiteRunner.run(SuiteRunner.java:268)
	at org.testng.SuiteRunnerWorker.runSuite(SuiteRunnerWorker.java:52)
	at org.testng.SuiteRunnerWorker.run(SuiteRunnerWorker.java:86)
	at org.testng.TestNG.runSuitesSequentially(TestNG.java:1264)
	at org.testng.TestNG.runSuitesLocally(TestNG.java:1189)
	at org.testng.TestNG.runSuites(TestNG.java:1104)
	at org.testng.TestNG.run(TestNG.java:1076)
	at org.testng.remote.AbstractRemoteTestNG.run(AbstractRemoteTestNG.java:126)
	at org.testng.remote.RemoteTestNG.initAndRun(RemoteTestNG.java:152)
	at org.testng.remote.RemoteTestNG.main(RemoteTestNG.java:57)
]]>
            </full-stacktrace>
          </exception> <!-- java.lang.AssertionError -->
          <reporter-output>
          </reporter-output>
        </test-method> <!-- endReportAfterTest -->
        <test-method status="PASS" signature="getResult(org.testng.ITestResult)[pri:0, instance:Case_1.OnlineShoppingTest@d8355a8]" name="getResult" is-config="true" duration-ms="477" started-at="2019-07-08T11:17:16Z" finished-at="2019-07-08T11:17:16Z">
          <params>
            <param index="0">
              <value>
                <![CDATA[[TestResult name=endReportAfterTest status=FAILURE method=OnlineShoppingTest.endReportAfterTest()[pri:5, instance:Case_1.OnlineShoppingTest@d8355a8] output={null}]]]>
              </value>
            </param>
          </params>
          <reporter-output>
          </reporter-output>
        </test-method> <!-- getResult -->
        <test-method status="PASS" signature="afterTest()[pri:0, instance:Case_1.OnlineShoppingTest@d8355a8]" name="afterTest" is-config="true" duration-ms="0" started-at="2019-07-08T11:17:16Z" finished-at="2019-07-08T11:17:16Z">
          <reporter-output>
          </reporter-output>
        </test-method> <!-- afterTest -->
      </class> <!-- Case_1.OnlineShoppingTest -->
    </test> <!-- Default test -->
  </suite> <!-- Default suite -->
</testng-results>
